Using pre-set license
Built from '2020.3/release' branch; Version is '2020.3.2f1 (8fd9074bf66c) revision 9427207'; Using compiler version '192528614'; Build Type 'Release'
OS: 'Windows 10 Pro; OS build 18363.1316; Version 1909; 64bit' Language: 'ru' Physical Memory: 8138 MB
BatchMode: 1, IsHumanControllingUs: 0, StartBugReporterOnCrash: 0, Is64bit: 1, IsPro: 0

 COMMAND LINE ARGUMENTS:
C:\Program Files\Unity\Hub\Editor\2020.3.2f1\Editor\Unity.exe
-adb2
-batchMode
-noUpm
-name
AssetImportWorker0
-projectPath
D:/Unity/RoarOfDark/RoarOfDark
-logFile
Logs/AssetImportWorker0.log
-srvPort
7188
Successfully changed project path to: D:/Unity/RoarOfDark/RoarOfDark
D:/Unity/RoarOfDark/RoarOfDark
Using Asset Import Pipeline V2.
Refreshing native plugins compatible for Editor in 41.50 ms, found 0 plugins.
Preloading 0 native plugins for Editor in 0.00 ms.
Initialize engine version: 2020.3.2f1 (8fd9074bf66c)
[Subsystems] Discovering subsystems at path C:/Program Files/Unity/Hub/Editor/2020.3.2f1/Editor/Data/Resources/UnitySubsystems
[Subsystems] Discovering subsystems at path D:/Unity/RoarOfDark/RoarOfDark/Assets
GfxDevice: creating device client; threaded=0
Direct3D:
    Version:  Direct3D 11.0 [level 11.0]
    Renderer: NVIDIA GeForce GTX 650 (ID=0xfc6)
    Vendor:   
    VRAM:     984 MB
    Driver:   26.21.14.3200
Initialize mono
Mono path[0] = 'C:/Program Files/Unity/Hub/Editor/2020.3.2f1/Editor/Data/Managed'
Mono path[1] = 'C:/Program Files/Unity/Hub/Editor/2020.3.2f1/Editor/Data/MonoBleedingEdge/lib/mono/unityjit'
Mono config path = 'C:/Program Files/Unity/Hub/Editor/2020.3.2f1/Editor/Data/MonoBleedingEdge/etc'
Using monoOptions --debugger-agent=transport=dt_socket,embedding=1,server=y,suspend=n,address=127.0.0.1:56308
Begin MonoManager ReloadAssembly
Registering precompiled unity dll's ...
Register platform support module: C:/Program Files/Unity/Hub/Editor/2020.3.2f1/Editor/Data/PlaybackEngines/WebGLSupport/UnityEditor.WebGL.Extensions.dll
Register platform support module: C:/Program Files/Unity/Hub/Editor/2020.3.2f1/Editor/Data/PlaybackEngines/WindowsStandaloneSupport/UnityEditor.WindowsStandalone.Extensions.dll
Registered in 0.001971 seconds.
Native extension for WindowsStandalone target not found
Native extension for WebGL target not found
Refreshing native plugins compatible for Editor in 36.37 ms, found 0 plugins.
Preloading 0 native plugins for Editor in 0.00 ms.
Invoked RoslynAnalysisRunner static constructor.
RoslynAnalysisRunner will not be running.
RoslynAnalysisRunner has terminated.
Mono: successfully reloaded assembly
- Completed reload, in  2.176 seconds
Platform modules already initialized, skipping
Registering precompiled user dll's ...
Registered in 0.000655 seconds.
Begin MonoManager ReloadAssembly
Native extension for WindowsStandalone target not found
Native extension for WebGL target not found
Refreshing native plugins compatible for Editor in 0.44 ms, found 0 plugins.
Preloading 0 native plugins for Editor in 0.00 ms.
Invoked RoslynAnalysisRunner static constructor.
RoslynAnalysisRunner will not be running.
RoslynAnalysisRunner has terminated.
Mono: successfully reloaded assembly
- Completed reload, in  1.186 seconds
Platform modules already initialized, skipping
========================================================================
Worker process is ready to serve import requests
Launched and connected shader compiler UnityShaderCompiler.exe after 0.04 seconds
Refreshing native plugins compatible for Editor in 0.63 ms, found 0 plugins.
Preloading 0 native plugins for Editor in 0.00 ms.
Unloading 1214 Unused Serialized files (Serialized files now loaded: 0)
System memory in use before: 59.7 MB.
System memory in use after: 59.8 MB.

Unloading 22 unused Assets to reduce memory usage. Loaded Objects now: 1644.
Total: 2.154600 ms (FindLiveObjects: 0.165700 ms CreateObjectMapping: 0.061700 ms MarkObjects: 1.809800 ms  DeleteObjects: 0.115700 ms)

========================================================================
Received Import Request.
  path: Assets/Editor/com.unity.mobile.notifications
  artifactKey: Guid(6d8e2e3178665be488e481c57be9527e) Importer(815301076,1909f56bfc062723c751e8b465ee728b)
Start importing Assets/Editor/com.unity.mobile.notifications using Guid(6d8e2e3178665be488e481c57be9527e) Importer(815301076,1909f56bfc062723c751e8b465ee728b)  -> (artifact id: '859ee4af44528b64e769a976e0fa059a') in 0.005265 seconds
  Import took 0.008363 seconds .

========================================================================
Received Import Request.
  Time since last request: 0.000241 seconds.
  path: Assets/Scenes
  artifactKey: Guid(f7b66c42ee145314083f073e99178630) Importer(815301076,1909f56bfc062723c751e8b465ee728b)
Start importing Assets/Scenes using Guid(f7b66c42ee145314083f073e99178630) Importer(815301076,1909f56bfc062723c751e8b465ee728b)  -> (artifact id: 'fd99be8e3bfea7fdf009a3102d560867') in 0.001144 seconds
  Import took 0.003191 seconds .

========================================================================
Received Import Request.
  Time since last request: 0.000237 seconds.
  path: Assets/Editor
  artifactKey: Guid(9a2df797eb7ea8e44843144af9429b99) Importer(815301076,1909f56bfc062723c751e8b465ee728b)
Start importing Assets/Editor using Guid(9a2df797eb7ea8e44843144af9429b99) Importer(815301076,1909f56bfc062723c751e8b465ee728b)  -> (artifact id: '20348e5ec5cf1b5e18ac043a7676496e') in 0.008334 seconds
  Import took 0.011193 seconds .

========================================================================
Received Import Request.
  Time since last request: 0.000219 seconds.
  path: Assets/Editor/com.unity.mobile.notifications/NotificationSettings.asset
  artifactKey: Guid(45a04f37e0f48c744acc0874c4a8918a) Importer(815301076,1909f56bfc062723c751e8b465ee728b)
Start importing Assets/Editor/com.unity.mobile.notifications/NotificationSettings.asset using Guid(45a04f37e0f48c744acc0874c4a8918a) Importer(815301076,1909f56bfc062723c751e8b465ee728b)  -> (artifact id: '1d35bc7714d90d85f7893606f6546276') in 0.036896 seconds
  Import took 0.040194 seconds .

========================================================================
Received Import Request.
  Time since last request: 356.384210 seconds.
  path: Assets/New Folder
  artifactKey: Guid(c6ef9fc0fbebd944d95c0908e60c43d9) Importer(815301076,1909f56bfc062723c751e8b465ee728b)
Start importing Assets/New Folder using Guid(c6ef9fc0fbebd944d95c0908e60c43d9) Importer(815301076,1909f56bfc062723c751e8b465ee728b)  -> (artifact id: 'f45098d9e57ca37c31e55825cbf97c95') in 0.002733 seconds
  Import took 0.006280 seconds .

========================================================================
Received Import Request.
  Time since last request: 1.568577 seconds.
  path: Assets/New Folder 2
  artifactKey: Guid(b38f2ed467f061b44a59e70f3a7ee256) Importer(815301076,1909f56bfc062723c751e8b465ee728b)
Start importing Assets/New Folder 2 using Guid(b38f2ed467f061b44a59e70f3a7ee256) Importer(815301076,1909f56bfc062723c751e8b465ee728b)  -> (artifact id: '5ce13982c095e5527fc56b56360fb081') in 0.001672 seconds
  Import took 0.005289 seconds .

========================================================================
Received Import Request.
  Time since last request: 1.604178 seconds.
  path: Assets/New Folder 1
  artifactKey: Guid(d085297768d4bfc4b986b158bc2751bf) Importer(815301076,1909f56bfc062723c751e8b465ee728b)
Start importing Assets/New Folder 1 using Guid(d085297768d4bfc4b986b158bc2751bf) Importer(815301076,1909f56bfc062723c751e8b465ee728b)  -> (artifact id: '23e7e68425c82998c5028a4dba2c2bd9') in 0.002092 seconds
  Import took 0.005784 seconds .

========================================================================
Received Import Request.
  Time since last request: 11.589282 seconds.
  path: Assets/Scripts
  artifactKey: Guid(d085297768d4bfc4b986b158bc2751bf) Importer(815301076,1909f56bfc062723c751e8b465ee728b)
Start importing Assets/Scripts using Guid(d085297768d4bfc4b986b158bc2751bf) Importer(815301076,1909f56bfc062723c751e8b465ee728b)  -> (artifact id: '082ee47e6769203bf2c0c331406404e1') in 0.001504 seconds
  Import took 0.004919 seconds .

========================================================================
Received Import Request.
  Time since last request: 13.632787 seconds.
  path: Assets/Prefabs
  artifactKey: Guid(b38f2ed467f061b44a59e70f3a7ee256) Importer(815301076,1909f56bfc062723c751e8b465ee728b)
Start importing Assets/Prefabs using Guid(b38f2ed467f061b44a59e70f3a7ee256) Importer(815301076,1909f56bfc062723c751e8b465ee728b)  -> (artifact id: '4e21a669afbfae2630a24c127ca21c03') in 0.001144 seconds
  Import took 0.004463 seconds .

========================================================================
Received Import Request.
  Time since last request: 3.194155 seconds.
  path: Assets/New Folder 1
  artifactKey: Guid(b8d844ec4a773ab41b057225e938632c) Importer(815301076,1909f56bfc062723c751e8b465ee728b)
Start importing Assets/New Folder 1 using Guid(b8d844ec4a773ab41b057225e938632c) Importer(815301076,1909f56bfc062723c751e8b465ee728b)  -> (artifact id: 'e935d607d8da1699a7cf99be38539d79') in 0.001839 seconds
  Import took 0.005385 seconds .

========================================================================
Received Import Request.
  Time since last request: 15.403065 seconds.
  path: Assets/AssetPacks
  artifactKey: Guid(b8d844ec4a773ab41b057225e938632c) Importer(815301076,1909f56bfc062723c751e8b465ee728b)
Start importing Assets/AssetPacks using Guid(b8d844ec4a773ab41b057225e938632c) Importer(815301076,1909f56bfc062723c751e8b465ee728b)  -> (artifact id: '345170acdad4e21eae33cf29f96d0c8f') in 0.001451 seconds
  Import took 0.004347 seconds .

========================================================================
Received Prepare
Registering precompiled user dll's ...
Registered in 0.000853 seconds.
Begin MonoManager ReloadAssembly
Native extension for WindowsStandalone target not found
Native extension for WebGL target not found
Refreshing native plugins compatible for Editor in 0.64 ms, found 0 plugins.
Preloading 0 native plugins for Editor in 0.00 ms.
Invoked RoslynAnalysisRunner static constructor.
RoslynAnalysisRunner will not be running.
RoslynAnalysisRunner has terminated.
Mono: successfully reloaded assembly
- Completed reload, in  1.249 seconds
Platform modules already initialized, skipping
Refreshing native plugins compatible for Editor in 0.74 ms, found 0 plugins.
Preloading 0 native plugins for Editor in 0.00 ms.
Unloading 1219 Unused Serialized files (Serialized files now loaded: 0)
System memory in use before: 59.8 MB.
System memory in use after: 59.9 MB.

Unloading 17 unused Assets to reduce memory usage. Loaded Objects now: 1658.
Total: 4.172000 ms (FindLiveObjects: 0.436300 ms CreateObjectMapping: 0.182400 ms MarkObjects: 3.514300 ms  DeleteObjects: 0.034800 ms)

========================================================================
Received Prepare
Registering precompiled user dll's ...
Registered in 0.000602 seconds.
Begin MonoManager ReloadAssembly
Native extension for WindowsStandalone target not found
Native extension for WebGL target not found
Refreshing native plugins compatible for Editor in 0.57 ms, found 0 plugins.
Preloading 0 native plugins for Editor in 0.00 ms.
Invoked RoslynAnalysisRunner static constructor.
RoslynAnalysisRunner will not be running.
RoslynAnalysisRunner has terminated.
Mono: successfully reloaded assembly
- Completed reload, in  1.222 seconds
Platform modules already initialized, skipping
Refreshing native plugins compatible for Editor in 0.57 ms, found 0 plugins.
Preloading 0 native plugins for Editor in 0.00 ms.
Unloading 1219 Unused Serialized files (Serialized files now loaded: 0)
System memory in use before: 59.9 MB.
System memory in use after: 60.0 MB.

Unloading 17 unused Assets to reduce memory usage. Loaded Objects now: 1661.
Total: 3.710700 ms (FindLiveObjects: 0.465000 ms CreateObjectMapping: 0.175800 ms MarkObjects: 3.021800 ms  DeleteObjects: 0.044300 ms)

========================================================================
Received Import Request.
  Time since last request: 108.106150 seconds.
  path: Assets/AssetPacks/Joystick Pack/Prefabs
  artifactKey: Guid(d41e4075f56d1e1438b3af3673ec6081) Importer(815301076,1909f56bfc062723c751e8b465ee728b)
Start importing Assets/AssetPacks/Joystick Pack/Prefabs using Guid(d41e4075f56d1e1438b3af3673ec6081) Importer(815301076,1909f56bfc062723c751e8b465ee728b)  -> (artifact id: '57f61ffa79c2f60a8535f5a1dbfb1bdd') in 0.004007 seconds
  Import took 0.007249 seconds .

========================================================================
Received Import Request.
  Time since last request: 0.009044 seconds.
  path: Assets/AssetPacks/Joystick Pack/Prefabs
  artifactKey: Guid(d41e4075f56d1e1438b3af3673ec6081) Importer(815301076,1909f56bfc062723c751e8b465ee728b)
Start importing Assets/AssetPacks/Joystick Pack/Prefabs using Guid(d41e4075f56d1e1438b3af3673ec6081) Importer(815301076,1909f56bfc062723c751e8b465ee728b)  -> (artifact id: '57f61ffa79c2f60a8535f5a1dbfb1bdd') in 0.001626 seconds
  Import took 0.005301 seconds .

========================================================================
Received Import Request.
  Time since last request: 0.070731 seconds.
  path: Assets/AssetPacks/Joystick Pack/Prefabs/Dynamic Joystick.prefab
  artifactKey: Guid(56fae09712773584fb63896d473a98ee) Importer(815301076,1909f56bfc062723c751e8b465ee728b)
Start importing Assets/AssetPacks/Joystick Pack/Prefabs/Dynamic Joystick.prefab using Guid(56fae09712773584fb63896d473a98ee) Importer(815301076,1909f56bfc062723c751e8b465ee728b)  -> (artifact id: 'c17ad22a275ef28605fccec6ae922ff1') in 0.040710 seconds
  Import took 0.043568 seconds .

========================================================================
Received Import Request.
  Time since last request: 0.000295 seconds.
  path: Assets/AssetPacks/Joystick Pack/Prefabs/Variable Joystick.prefab
  artifactKey: Guid(ec536a7718376554185e4a856d5ae230) Importer(815301076,1909f56bfc062723c751e8b465ee728b)
Start importing Assets/AssetPacks/Joystick Pack/Prefabs/Variable Joystick.prefab using Guid(ec536a7718376554185e4a856d5ae230) Importer(815301076,1909f56bfc062723c751e8b465ee728b)  -> (artifact id: '7d27a7cb24e836bf81fc5daa0c6a2c4b') in 0.004329 seconds
  Import took 0.006927 seconds .

========================================================================
Received Import Request.
  Time since last request: 0.000264 seconds.
  path: Assets/AssetPacks/Joystick Pack/Prefabs/Fixed Joystick.prefab
  artifactKey: Guid(aaa2c939c0359ac4dbce3f49e8b90252) Importer(815301076,1909f56bfc062723c751e8b465ee728b)
Start importing Assets/AssetPacks/Joystick Pack/Prefabs/Fixed Joystick.prefab using Guid(aaa2c939c0359ac4dbce3f49e8b90252) Importer(815301076,1909f56bfc062723c751e8b465ee728b)  -> (artifact id: 'b363fa38606df6ad2d5916ab0ce17d16') in 0.004819 seconds
  Import took 0.008586 seconds .

========================================================================
Received Import Request.
  Time since last request: 0.000286 seconds.
  path: Assets/AssetPacks/Joystick Pack/Prefabs/Floating Joystick.prefab
  artifactKey: Guid(0d230cc8be529a542a08cb878ab14b18) Importer(815301076,1909f56bfc062723c751e8b465ee728b)
Start importing Assets/AssetPacks/Joystick Pack/Prefabs/Floating Joystick.prefab using Guid(0d230cc8be529a542a08cb878ab14b18) Importer(815301076,1909f56bfc062723c751e8b465ee728b)  -> (artifact id: '12a4f8e34147b3521f5767fcdfd71ef6') in 0.005894 seconds
  Import took 0.009572 seconds .

========================================================================
Received Prepare
Registering precompiled user dll's ...
Registered in 0.000983 seconds.
Begin MonoManager ReloadAssembly
Native extension for WindowsStandalone target not found
Native extension for WebGL target not found
Refreshing native plugins compatible for Editor in 0.51 ms, found 0 plugins.
Preloading 0 native plugins for Editor in 0.00 ms.
Invoked RoslynAnalysisRunner static constructor.
RoslynAnalysisRunner will not be running.
RoslynAnalysisRunner has terminated.
Mono: successfully reloaded assembly
- Completed reload, in  1.116 seconds
Platform modules already initialized, skipping
Refreshing native plugins compatible for Editor in 0.74 ms, found 0 plugins.
Preloading 0 native plugins for Editor in 0.00 ms.
Unloading 1219 Unused Serialized files (Serialized files now loaded: 0)
System memory in use before: 59.9 MB.
System memory in use after: 60.0 MB.

Unloading 17 unused Assets to reduce memory usage. Loaded Objects now: 1664.
Total: 3.511000 ms (FindLiveObjects: 0.392800 ms CreateObjectMapping: 0.158900 ms MarkObjects: 2.922300 ms  DeleteObjects: 0.034200 ms)

========================================================================
Received Import Request.
  Time since last request: 443.370911 seconds.
  path: Assets/AssetPacks/Joystick Pack/Sprites/All Axis Backgrounds/AllAxis_Outline.png
  artifactKey: Guid(5b56d9fa0e8bd6e409ed188db38a692c) Importer(815301076,1909f56bfc062723c751e8b465ee728b)
Start importing Assets/AssetPacks/Joystick Pack/Sprites/All Axis Backgrounds/AllAxis_Outline.png using Guid(5b56d9fa0e8bd6e409ed188db38a692c) Importer(815301076,1909f56bfc062723c751e8b465ee728b)  -> (artifact id: '98a46cb45e1d31f29a37c007d580e0df') in 0.137494 seconds
  Import took 0.141529 seconds .

========================================================================
Received Import Request.
  Time since last request: 0.000284 seconds.
  path: Assets/AssetPacks/Joystick Pack/Sprites/Horizontal Backgrounds/Horizontal_Plain.png
  artifactKey: Guid(097782735540f2d4db5606eae04ae6a7) Importer(815301076,1909f56bfc062723c751e8b465ee728b)
Start importing Assets/AssetPacks/Joystick Pack/Sprites/Horizontal Backgrounds/Horizontal_Plain.png using Guid(097782735540f2d4db5606eae04ae6a7) Importer(815301076,1909f56bfc062723c751e8b465ee728b)  -> (artifact id: '022454d04563c1add65fc0aa44617486') in 0.009740 seconds
  Import took 0.012538 seconds .

========================================================================
Received Import Request.
  Time since last request: 0.000221 seconds.
  path: Assets/AssetPacks/Joystick Pack/Sprites/Handles/Handle_Outline_Arrows.png
  artifactKey: Guid(5eda94a9dcf71e445ad17e3c065d1460) Importer(815301076,1909f56bfc062723c751e8b465ee728b)
Start importing Assets/AssetPacks/Joystick Pack/Sprites/Handles/Handle_Outline_Arrows.png using Guid(5eda94a9dcf71e445ad17e3c065d1460) Importer(815301076,1909f56bfc062723c751e8b465ee728b)  -> (artifact id: '9066e54e297aad0c0cac3d9b8c9ecd22') in 0.010202 seconds
  Import took 0.013950 seconds .

========================================================================
Received Import Request.
  Time since last request: 0.000226 seconds.
  path: Assets/AssetPacks/Joystick Pack/Sprites/Handles/Handle_Ridged.png
  artifactKey: Guid(3a74f678ee8f3bd49aacf3de1ae4bcaa) Importer(815301076,1909f56bfc062723c751e8b465ee728b)
Start importing Assets/AssetPacks/Joystick Pack/Sprites/Handles/Handle_Ridged.png using Guid(3a74f678ee8f3bd49aacf3de1ae4bcaa) Importer(815301076,1909f56bfc062723c751e8b465ee728b)  -> (artifact id: 'af06f1e7c4ed9190920e078c1eff0566') in 0.012387 seconds
  Import took 0.016348 seconds .

========================================================================
Received Import Request.
  Time since last request: 0.000232 seconds.
  path: Assets/AssetPacks/Joystick Pack/Sprites/Handles/Handle_Outline.png
  artifactKey: Guid(085185b08a40a924985bc0e4176edea6) Importer(815301076,1909f56bfc062723c751e8b465ee728b)
Start importing Assets/AssetPacks/Joystick Pack/Sprites/Handles/Handle_Outline.png using Guid(085185b08a40a924985bc0e4176edea6) Importer(815301076,1909f56bfc062723c751e8b465ee728b)  -> (artifact id: '3dc7e1db9e431f2ced24e12478c09492') in 0.011537 seconds
  Import took 0.015995 seconds .

========================================================================
Received Import Request.
  Time since last request: 0.000224 seconds.
  path: Assets/AssetPacks/Joystick Pack/Sprites/Handles/Handle_Ridged_Arrows.png
  artifactKey: Guid(a6c56474666ce0647bdb766e9b4764b3) Importer(815301076,1909f56bfc062723c751e8b465ee728b)
Start importing Assets/AssetPacks/Joystick Pack/Sprites/Handles/Handle_Ridged_Arrows.png using Guid(a6c56474666ce0647bdb766e9b4764b3) Importer(815301076,1909f56bfc062723c751e8b465ee728b)  -> (artifact id: '6b61242c4fc6aeb98fedb5a7d7ddc1d4') in 0.010487 seconds
  Import took 0.013670 seconds .

========================================================================
Received Import Request.
  Time since last request: 0.000243 seconds.
  path: Assets/AssetPacks/Joystick Pack/Sprites/All Axis Backgrounds/AllAxis_Plain.png
  artifactKey: Guid(84487d73ca4b791498332d8f6858417f) Importer(815301076,1909f56bfc062723c751e8b465ee728b)
Start importing Assets/AssetPacks/Joystick Pack/Sprites/All Axis Backgrounds/AllAxis_Plain.png using Guid(84487d73ca4b791498332d8f6858417f) Importer(815301076,1909f56bfc062723c751e8b465ee728b)  -> (artifact id: '69b38c53648cd7328e1fec9b02271451') in 0.010801 seconds
  Import took 0.013833 seconds .

========================================================================
Received Import Request.
  Time since last request: 0.000225 seconds.
  path: Assets/AssetPacks/Joystick Pack/Sprites/Horizontal Backgrounds/Horizontal_Outline_Arrows.png
  artifactKey: Guid(7927b9032dc11e841af3f9a1353d7ecd) Importer(815301076,1909f56bfc062723c751e8b465ee728b)
Start importing Assets/AssetPacks/Joystick Pack/Sprites/Horizontal Backgrounds/Horizontal_Outline_Arrows.png using Guid(7927b9032dc11e841af3f9a1353d7ecd) Importer(815301076,1909f56bfc062723c751e8b465ee728b)  -> (artifact id: 'c4303320249a189df7d9ad99132562d6') in 0.011139 seconds
  Import took 0.014977 seconds .

========================================================================
Received Import Request.
  Time since last request: 0.000287 seconds.
  path: Assets/AssetPacks/Joystick Pack/Sprites/All Axis Backgrounds/AllAxis_Plain_Arrows.png
  artifactKey: Guid(2a1f3cba20f3e11498474a705db12fde) Importer(815301076,1909f56bfc062723c751e8b465ee728b)
Start importing Assets/AssetPacks/Joystick Pack/Sprites/All Axis Backgrounds/AllAxis_Plain_Arrows.png using Guid(2a1f3cba20f3e11498474a705db12fde) Importer(815301076,1909f56bfc062723c751e8b465ee728b)  -> (artifact id: '9d98ade319884610b2f523c9780e7cb7') in 0.010621 seconds
  Import took 0.014742 seconds .

========================================================================
Received Import Request.
  Time since last request: 0.000211 seconds.
  path: Assets/AssetPacks/Joystick Pack/Sprites/All Axis Backgrounds/AllAxis_Ridged.png
  artifactKey: Guid(54628aafa20f64b40ae661038ee7abf0) Importer(815301076,1909f56bfc062723c751e8b465ee728b)
Start importing Assets/AssetPacks/Joystick Pack/Sprites/All Axis Backgrounds/AllAxis_Ridged.png using Guid(54628aafa20f64b40ae661038ee7abf0) Importer(815301076,1909f56bfc062723c751e8b465ee728b)  -> (artifact id: 'd7d373a3b3b05e399cf19602eabd4fcc') in 0.010273 seconds
  Import took 0.013898 seconds .

========================================================================
Received Import Request.
  Time since last request: 0.000225 seconds.
  path: Assets/AssetPacks/Joystick Pack/Sprites/Horizontal Backgrounds/Horizontal_Ridged_Arrows.png
  artifactKey: Guid(b8467ea5fbaf9ba42908de6411bd443d) Importer(815301076,1909f56bfc062723c751e8b465ee728b)
Start importing Assets/AssetPacks/Joystick Pack/Sprites/Horizontal Backgrounds/Horizontal_Ridged_Arrows.png using Guid(b8467ea5fbaf9ba42908de6411bd443d) Importer(815301076,1909f56bfc062723c751e8b465ee728b)  -> (artifact id: '0aeec50cafa6321562c244b38fb444e9') in 0.010574 seconds
  Import took 0.013950 seconds .

========================================================================
Received Import Request.
  Time since last request: 0.000225 seconds.
  path: Assets/AssetPacks/Joystick Pack/Sprites/All Axis Backgrounds/AllAxis_Outline_Arrows.png
  artifactKey: Guid(48c0d4d6bebaa934384b07aa1e2f8184) Importer(815301076,1909f56bfc062723c751e8b465ee728b)
Start importing Assets/AssetPacks/Joystick Pack/Sprites/All Axis Backgrounds/AllAxis_Outline_Arrows.png using Guid(48c0d4d6bebaa934384b07aa1e2f8184) Importer(815301076,1909f56bfc062723c751e8b465ee728b)  -> (artifact id: '4e95f5cfbebc0836b3157a0b9dc26ac7') in 0.011679 seconds
  Import took 0.014801 seconds .

========================================================================
Received Import Request.
  Time since last request: 0.000230 seconds.
  path: Assets/AssetPacks/Joystick Pack/Sprites/Handles/Handle_Plain_Arrows.png
  artifactKey: Guid(f353d42d1db27ff42b78b28efd86b316) Importer(815301076,1909f56bfc062723c751e8b465ee728b)
Start importing Assets/AssetPacks/Joystick Pack/Sprites/Handles/Handle_Plain_Arrows.png using Guid(f353d42d1db27ff42b78b28efd86b316) Importer(815301076,1909f56bfc062723c751e8b465ee728b)  -> (artifact id: '4ddbc5ea7e51ac8c97b0aec8ade31b3f') in 0.008689 seconds
  Import took 0.011533 seconds .

========================================================================
Received Import Request.
  Time since last request: 0.000249 seconds.
  path: Assets/AssetPacks/Joystick Pack/Sprites/All Axis Backgrounds/AllAxis_Ridged_Arrows.png
  artifactKey: Guid(4cbc879550e5e374a925e2e0a84d6f3c) Importer(815301076,1909f56bfc062723c751e8b465ee728b)
Start importing Assets/AssetPacks/Joystick Pack/Sprites/All Axis Backgrounds/AllAxis_Ridged_Arrows.png using Guid(4cbc879550e5e374a925e2e0a84d6f3c) Importer(815301076,1909f56bfc062723c751e8b465ee728b)  -> (artifact id: 'ce0c1fac81e8c2516258db916db1529c') in 0.009576 seconds
  Import took 0.012212 seconds .

========================================================================
Received Import Request.
  Time since last request: 0.000233 seconds.
  path: Assets/AssetPacks/Joystick Pack/Sprites/Vertical Backgrounds/Vertical_Outline_Arrows.png
  artifactKey: Guid(c615706690ca87043ad593475e6db7ec) Importer(815301076,1909f56bfc062723c751e8b465ee728b)
Start importing Assets/AssetPacks/Joystick Pack/Sprites/Vertical Backgrounds/Vertical_Outline_Arrows.png using Guid(c615706690ca87043ad593475e6db7ec) Importer(815301076,1909f56bfc062723c751e8b465ee728b)  -> (artifact id: '050ffe8546693ed3eeae975676e199db') in 0.011674 seconds
  Import took 0.014949 seconds .

========================================================================
Received Import Request.
  Time since last request: 0.000262 seconds.
  path: Assets/AssetPacks/Joystick Pack/Sprites/Horizontal Backgrounds/Horizontal_Ridged.png
  artifactKey: Guid(6304ad603f150b649b764d29bbc2a87b) Importer(815301076,1909f56bfc062723c751e8b465ee728b)
Start importing Assets/AssetPacks/Joystick Pack/Sprites/Horizontal Backgrounds/Horizontal_Ridged.png using Guid(6304ad603f150b649b764d29bbc2a87b) Importer(815301076,1909f56bfc062723c751e8b465ee728b)  -> (artifact id: 'aa1006b3dc2926515d72ce35636768a8') in 0.009439 seconds
  Import took 0.012670 seconds .

========================================================================
Received Import Request.
  Time since last request: 0.000229 seconds.
  path: Assets/AssetPacks/Joystick Pack/Sprites/Vertical Backgrounds/Vertical_Outline.png
  artifactKey: Guid(f054197ef28924b4986cbd91de2ab054) Importer(815301076,1909f56bfc062723c751e8b465ee728b)
Start importing Assets/AssetPacks/Joystick Pack/Sprites/Vertical Backgrounds/Vertical_Outline.png using Guid(f054197ef28924b4986cbd91de2ab054) Importer(815301076,1909f56bfc062723c751e8b465ee728b)  -> (artifact id: '73932cbeb901362d6d709460256ee06d') in 0.009128 seconds
  Import took 0.012157 seconds .

========================================================================
Received Import Request.
  Time since last request: 0.000233 seconds.
  path: Assets/AssetPacks/Joystick Pack/Sprites/Handles/Handle_Plain.png
  artifactKey: Guid(010a6e5305fa7004f89c5d317b7b47d4) Importer(815301076,1909f56bfc062723c751e8b465ee728b)
Start importing Assets/AssetPacks/Joystick Pack/Sprites/Handles/Handle_Plain.png using Guid(010a6e5305fa7004f89c5d317b7b47d4) Importer(815301076,1909f56bfc062723c751e8b465ee728b)  -> (artifact id: '785674b8b540c96ecdf25ab519143963') in 0.009253 seconds
  Import took 0.012602 seconds .

========================================================================
Received Import Request.
  Time since last request: 0.000251 seconds.
  path: Assets/AssetPacks/Joystick Pack/Sprites/Horizontal Backgrounds/Horizontal_Plain_Arrows.png
  artifactKey: Guid(c8585b68a92b5d440992ddd7d1b1a3d6) Importer(815301076,1909f56bfc062723c751e8b465ee728b)
Start importing Assets/AssetPacks/Joystick Pack/Sprites/Horizontal Backgrounds/Horizontal_Plain_Arrows.png using Guid(c8585b68a92b5d440992ddd7d1b1a3d6) Importer(815301076,1909f56bfc062723c751e8b465ee728b)  -> (artifact id: 'c4a70b1e3184579e423520df6fedc6a6') in 0.010971 seconds
  Import took 0.013622 seconds .

========================================================================
Received Import Request.
  Time since last request: 0.000208 seconds.
  path: Assets/AssetPacks/Joystick Pack/Sprites/Horizontal Backgrounds/Horizontal_Outline.png
  artifactKey: Guid(cd0a2c1b2c014ba4c80c1df786e150e9) Importer(815301076,1909f56bfc062723c751e8b465ee728b)
Start importing Assets/AssetPacks/Joystick Pack/Sprites/Horizontal Backgrounds/Horizontal_Outline.png using Guid(cd0a2c1b2c014ba4c80c1df786e150e9) Importer(815301076,1909f56bfc062723c751e8b465ee728b)  -> (artifact id: 'a01d79687c6508fa8c4736e16e353bcd') in 0.009203 seconds
  Import took 0.011991 seconds .

========================================================================
Received Import Request.
  Time since last request: 14.040660 seconds.
  path: Assets/AssetPacks/Joystick Pack/Sprites/Vertical Backgrounds/Vertical_Plain.png
  artifactKey: Guid(ab6db91373811284caeba2e9472fa9c2) Importer(815301076,1909f56bfc062723c751e8b465ee728b)
Start importing Assets/AssetPacks/Joystick Pack/Sprites/Vertical Backgrounds/Vertical_Plain.png using Guid(ab6db91373811284caeba2e9472fa9c2) Importer(815301076,1909f56bfc062723c751e8b465ee728b)  -> (artifact id: 'a9e95af8f8b00af05194afcaa147ef68') in 0.012049 seconds
  Import took 0.014677 seconds .

========================================================================
Received Import Request.
  Time since last request: 0.000280 seconds.
  path: Assets/AssetPacks/Joystick Pack/Sprites/Vertical Backgrounds/Vertical_Ridged_Arrows.png
  artifactKey: Guid(9332cf0d233636a40a024382720294a3) Importer(815301076,1909f56bfc062723c751e8b465ee728b)
Start importing Assets/AssetPacks/Joystick Pack/Sprites/Vertical Backgrounds/Vertical_Ridged_Arrows.png using Guid(9332cf0d233636a40a024382720294a3) Importer(815301076,1909f56bfc062723c751e8b465ee728b)  -> (artifact id: 'f02c75ada363a5e2c43f62487da3a989') in 0.009668 seconds
  Import took 0.012670 seconds .

========================================================================
Received Import Request.
  Time since last request: 0.000232 seconds.
  path: Assets/AssetPacks/Joystick Pack/Sprites/Vertical Backgrounds/Vertical_Plain_Arrows.png
  artifactKey: Guid(3bf6d9f920f7458448a390f80318ebe6) Importer(815301076,1909f56bfc062723c751e8b465ee728b)
Start importing Assets/AssetPacks/Joystick Pack/Sprites/Vertical Backgrounds/Vertical_Plain_Arrows.png using Guid(3bf6d9f920f7458448a390f80318ebe6) Importer(815301076,1909f56bfc062723c751e8b465ee728b)  -> (artifact id: '0b9643238eb43783b8b042bafdd58bc9') in 0.009652 seconds
  Import took 0.012687 seconds .

========================================================================
Received Import Request.
  Time since last request: 0.000283 seconds.
  path: Assets/AssetPacks/Joystick Pack/Sprites/Vertical Backgrounds/Vertical_Ridged.png
  artifactKey: Guid(08c1fa6351174a9439d97cfc9d3307cc) Importer(815301076,1909f56bfc062723c751e8b465ee728b)
Start importing Assets/AssetPacks/Joystick Pack/Sprites/Vertical Backgrounds/Vertical_Ridged.png using Guid(08c1fa6351174a9439d97cfc9d3307cc) Importer(815301076,1909f56bfc062723c751e8b465ee728b)  -> (artifact id: '51ed66a3af5d641cc08e2ff723193b64') in 0.011346 seconds
  Import took 0.015116 seconds .

========================================================================
Received Prepare
Registering precompiled user dll's ...
Registered in 0.000654 seconds.
Begin MonoManager ReloadAssembly
Native extension for WindowsStandalone target not found
Native extension for WebGL target not found
Refreshing native plugins compatible for Editor in 0.47 ms, found 0 plugins.
Preloading 0 native plugins for Editor in 0.00 ms.
Invoked RoslynAnalysisRunner static constructor.
RoslynAnalysisRunner will not be running.
RoslynAnalysisRunner has terminated.
Mono: successfully reloaded assembly
- Completed reload, in  1.069 seconds
Platform modules already initialized, skipping
Refreshing native plugins compatible for Editor in 0.72 ms, found 0 plugins.
Preloading 0 native plugins for Editor in 0.00 ms.
Unloading 1219 Unused Serialized files (Serialized files now loaded: 0)
System memory in use before: 63.0 MB.
System memory in use after: 63.1 MB.

Unloading 17 unused Assets to reduce memory usage. Loaded Objects now: 1673.
Total: 3.153500 ms (FindLiveObjects: 0.422800 ms CreateObjectMapping: 0.155000 ms MarkObjects: 2.527700 ms  DeleteObjects: 0.045300 ms)

========================================================================
Received Import Request.
  Time since last request: 692.185225 seconds.
  path: Assets/New Folder/erika_archer_bow_arrow.fbx
  artifactKey: Guid(359a9a10409edc943bab09f4575eb286) Importer(815301076,1909f56bfc062723c751e8b465ee728b)
Start importing Assets/New Folder/erika_archer_bow_arrow.fbx using Guid(359a9a10409edc943bab09f4575eb286) Importer(815301076,1909f56bfc062723c751e8b465ee728b)  -> (artifact id: '4811cb1a0e7c043113120e80ffcae9a1') in 1.233571 seconds
  Import took 1.238845 seconds .

========================================================================
Received Import Request.
  Time since last request: 31.168429 seconds.
  path: Assets/Prefabs/Player.prefab
  artifactKey: Guid(501f5d8731a0562489c9dc2eb47b59d3) Importer(815301076,1909f56bfc062723c751e8b465ee728b)
Start importing Assets/Prefabs/Player.prefab using Guid(501f5d8731a0562489c9dc2eb47b59d3) Importer(815301076,1909f56bfc062723c751e8b465ee728b)  -> (artifact id: 'd6ff31939e04dbccdf455f706b1a6e7d') in 0.011266 seconds
  Import took 0.014732 seconds .

========================================================================
Received Import Request.
  Time since last request: 0.000669 seconds.
  path: Assets/Prefabs/Player.prefab
  artifactKey: Guid(501f5d8731a0562489c9dc2eb47b59d3) Importer(815301076,1909f56bfc062723c751e8b465ee728b)
Start importing Assets/Prefabs/Player.prefab using Guid(501f5d8731a0562489c9dc2eb47b59d3) Importer(815301076,1909f56bfc062723c751e8b465ee728b)  -> (artifact id: 'd6ff31939e04dbccdf455f706b1a6e7d') in 0.008575 seconds
  Import took 0.011906 seconds .

========================================================================
Received Import Request.
  Time since last request: 10.274528 seconds.
  path: Assets/Prefabs/Player.prefab
  artifactKey: Guid(501f5d8731a0562489c9dc2eb47b59d3) Importer(815301076,1909f56bfc062723c751e8b465ee728b)
Start importing Assets/Prefabs/Player.prefab using Guid(501f5d8731a0562489c9dc2eb47b59d3) Importer(815301076,1909f56bfc062723c751e8b465ee728b)  -> (artifact id: '3a1a539edfc7a1616fd623f24de28da5') in 0.017735 seconds
  Import took 0.021079 seconds .

========================================================================
Received Import Request.
  Time since last request: 6.081529 seconds.
  path: Assets/Prefabs/Player.prefab
  artifactKey: Guid(501f5d8731a0562489c9dc2eb47b59d3) Importer(815301076,1909f56bfc062723c751e8b465ee728b)
Start importing Assets/Prefabs/Player.prefab using Guid(501f5d8731a0562489c9dc2eb47b59d3) Importer(815301076,1909f56bfc062723c751e8b465ee728b)  -> (artifact id: '8dc1c253d107f3fab435ecda53227f19') in 0.025118 seconds
  Import took 0.029934 seconds .

========================================================================
Received Import Request.
  Time since last request: 1.319230 seconds.
  path: Assets/Prefabs/Player.prefab
  artifactKey: Guid(501f5d8731a0562489c9dc2eb47b59d3) Importer(815301076,1909f56bfc062723c751e8b465ee728b)
Start importing Assets/Prefabs/Player.prefab using Guid(501f5d8731a0562489c9dc2eb47b59d3) Importer(815301076,1909f56bfc062723c751e8b465ee728b)  -> (artifact id: '38c2795b4cc2d2ab2196f4634b3b5e1a') in 0.018441 seconds
  Import took 0.021954 seconds .

========================================================================
Received Import Request.
  Time since last request: 3101.842104 seconds.
  path: Assets/Scripts/PlayerController.cs
  artifactKey: Guid(1a36d6395c3712545a8457d0a448f617) Importer(815301076,1909f56bfc062723c751e8b465ee728b)
Start importing Assets/Scripts/PlayerController.cs using Guid(1a36d6395c3712545a8457d0a448f617) Importer(815301076,1909f56bfc062723c751e8b465ee728b)  -> (artifact id: '6a0adacc69e1b2fb5b362bae86af3f77') in 0.027284 seconds
  Import took 0.030333 seconds .

========================================================================
Received Import Request.
  Time since last request: 0.003234 seconds.
  path: Assets/Scripts/PlayerController.cs
  artifactKey: Guid(1a36d6395c3712545a8457d0a448f617) Importer(815301076,1909f56bfc062723c751e8b465ee728b)
Start importing Assets/Scripts/PlayerController.cs using Guid(1a36d6395c3712545a8457d0a448f617) Importer(815301076,1909f56bfc062723c751e8b465ee728b)  -> (artifact id: '6a0adacc69e1b2fb5b362bae86af3f77') in 0.001798 seconds
  Import took 0.005161 seconds .

AssetImportWorkerClient::OnTransportError - code=2 error=End of file
